<?xml version="1.0" encoding="UTF-8"?>
<!-- Generated by org.testng.reporters.JUnitXMLReporter -->
<testsuite ignored="1" hostname="DESKTOP-8F5KJS0" failures="1" tests="15" name="Test" time="67.888" errors="0" timestamp="2022-08-13T18:12:27 IST">
  <testcase classname="Test_2.Test_D_7" name="testA" time="0.023">
    <failure type="java.lang.AssertionError" message="expected [true] but found [false]">
      <![CDATA[java.lang.AssertionError: expected [true] but found [false]
at Test_2.Test_D_7.testA(Test_D_7.java:11)
at java.base/java.util.ArrayList.forEach(ArrayList.java:1511)
... Removed 29 stack frames]]>
    </failure>
  </testcase> <!-- testA -->
  <testcase classname="Test_2.Test_D_7" name="testC" time="0.0">
    <skipped/>
  </testcase> <!-- testC -->
  <testcase classname="Test_2.Test_D_6" name="testA" time="0.005"/>
  <testcase classname="Test_2.Test_D_6" name="testA" time="0.005"/>
  <testcase classname="Test_2.Test_D_6" name="testA" time="0.009"/>
  <testcase classname="Test_2.Test_D_6" name="testB" time="0.006"/>
  <testcase classname="Test_2.Test_D_5" name="testA" time="0.004"/>
  <testcase classname="Test_2.Test_D_5" name="testB" time="0.003"/>
  <testcase classname="Test_2.Test_D_5" name="testC" time="0.003"/>
  <testcase classname="Test_2.Test_D_4" name="test5" time="0.002"/>
  <testcase classname="Test_2.Test_D_4" name="test6" time="0.003"/>
  <testcase classname="Test_2.Test_D_3" name="test1" time="0.002"/>
  <testcase classname="Test_2.Test_D_3" name="test2" time="0.001"/>
  <testcase classname="Test_2.Test_D_3" name="test3" time="0.002"/>
  <testcase classname="Test_2.Test_D_3" name="test4" time="0.002"/>
  <testcase classname="Test_2.Test_D_6" name="testC" time="0.0">
    <ignored/>
  </testcase> <!-- testC -->
</testsuite> <!-- Test -->
