<?xml version="1.0" encoding="UTF-8"?>
<!-- Generated by org.testng.reporters.JUnitXMLReporter -->
<testsuite ignored="0" hostname="DESKTOP-8F5KJS0" failures="0" tests="4" name="Test" time="0.117" errors="0" timestamp="2022-08-15T10:47:39 IST">
  <testcase classname="Test_2.Test_D_8" name="test_A" time="0.019"/>
  <testcase classname="Test_2.Test_D_8" name="test_B" time="0.003"/>
  <testcase classname="Test_2.Test_D_8" name="test_C" time="0.005"/>
  <testcase classname="Test_2.Test_D_8" name="test_D" time="0.003"/>
</testsuite> <!-- Test -->
