<?xml version="1.0" encoding="UTF-8"?>
<!-- Generated by org.testng.reporters.JUnitXMLReporter -->
<testsuite ignored="0" hostname="DESKTOP-8F5KJS0" failures="0" tests="4" name="Test_Edge" time="66.022" errors="0" timestamp="2022-08-15T20:23:31 IST">
  <testcase classname="TestNG_2.Test_D_9" name="Test_1" time="0.002"/>
  <testcase classname="TestNG_2.Test_D_9" name="Test_2" time="0.003"/>
  <testcase classname="TestNG_2.Test_D_9" name="Test_3" time="0.004"/>
  <testcase classname="TestNG_2.Test_D_9" name="Test_4" time="0.017"/>
</testsuite> <!-- Test_Edge -->
