<?xml version="1.0" encoding="UTF-8"?>
<!-- Generated by org.testng.reporters.JUnitXMLReporter -->
<testsuite ignored="2" hostname="DESKTOP-8F5KJS0" failures="0" tests="2" name="Test_Chrome" time="26.836" errors="0" timestamp="2022-08-15T20:22:25 IST">
  <testcase classname="TestNG_2.Test_D_9" name="Test_1" time="0.04"/>
  <testcase classname="TestNG_2.Test_D_9" name="Test_4" time="0.002"/>
  <testcase classname="TestNG_2.Test_D_9" name="Test_3" time="0.0">
    <ignored/>
  </testcase> <!-- Test_3 -->
  <testcase classname="TestNG_2.Test_D_9" name="Test_2" time="0.0">
    <ignored/>
  </testcase> <!-- Test_2 -->
</testsuite> <!-- Test_Chrome -->
